<?xml version="1.0" encoding="UTF-8"?>
<beans xmlns="http://www.springframework.org/schema/beans"
	xmlns:xsi="http://www.w3.org/2001/XMLSchema-instance"
	xmlns:context="http://www.springframework.org/schema/context"	
	xmlns:tx="http://www.springframework.org/schema/tx"
	xmlns:p="http://www.springframework.org/schema/p"
	xmlns:mvc="http://www.springframework.org/schema/mvc"
	xmlns:task="http://www.springframework.org/schema/task"
	xsi:schemaLocation="
		http://www.springframework.org/schema/mvc http://www.springframework.org/schema/mvc/spring-mvc-3.0.xsd
		http://www.springframework.org/schema/beans http://www.springframework.org/schema/beans/spring-beans-3.0.xsd
		http://www.springframework.org/schema/context http://www.springframework.org/schema/context/spring-context-3.0.xsd
		http://www.springframework.org/schema/tx http://www.springframework.org/schema/tx/spring-tx-3.0.xsd
		http://www.springframework.org/schema/aop http://www.springframework.org/schema/aop/spring-aop-3.0.xsd
		http://www.springframework.org/schema/task http://www.springframework.org/schema/task/spring-task-3.0.xsd
		">

	<bean id="propertyConfigurer"
          class="org.springframework.beans.factory.config.PropertyPlaceholderConfigurer"
          p:location="classpath:config.properties" />
	
    <!-- Scans the classpath of the application for @Components to deploy as beans -->	
	<context:component-scan base-package="org.hc.nps" />
	<context:component-scan base-package="org.hc.jp" />
    
	<bean id="dataSource" class="org.apache.commons.dbcp.BasicDataSource" destroy-method="close">
            <property name="driverClassName" value="${jdbc.driverClassName}"/>
            <property name="url" value="${jdbc.url}"/>
			<property name="username" value="${jdbc.username}"/>
            <property name="password" value="${jdbc.password}"/>
			<property name="defaultAutoCommit" value="true"/>
			<property name="poolPreparedStatements" value="true"/>
			<property name="connectionProperties" value="autoReconnect=true"/>
			<property name="validationQuery" value="SELECT 1;"/>
    </bean>
	
	<bean id="txManager" class="org.springframework.jdbc.datasource.DataSourceTransactionManager">
		<property name="dataSource" ref="dataSource"/>
	</bean>
	
	<tx:annotation-driven transaction-manager="txManager"/>
	
	<bean id="jdbcTemplate" class="org.springframework.jdbc.core.JdbcTemplate">
		<property name="dataSource" ref="dataSource"/>
	</bean>
	
	<bean id="fileManager" class="org.hc.jp.files.FileManager">
		<property name="path" value="${fileManager.path}"/>
	</bean>
	
	<!-- Configures the @Controller programming model -->
	<mvc:annotation-driven/>    
    
	<!-- Forwards requests to the "/" resource to the "home" view -->
	<mvc:view-controller path="/" view-name="index"/>    
	
	<mvc:resources mapping="/i/**" location="WEB-INF/images/" />
    <mvc:resources mapping="/c/**" location="WEB-INF/css/" />
    <mvc:resources mapping="/s/**" location="WEB-INF/scripts/" />
    <mvc:resources mapping="/favicon.ico" location="WEB-INF/images/favicon.ico" />

	<!-- i18n message source -->
	<bean id="messageSource" class="org.springframework.context.support.ReloadableResourceBundleMessageSource">
		<property name="basename" value="file:webapp/WEB-INF/i18n/messages" />
		<property name="defaultEncoding" value="UTF-8"/>
		<property name="cacheSeconds" value="30" />
	</bean>
	
	<!-- Resolve jsp's -->
	<bean id="viewResolver" class="org.springframework.web.servlet.view.UrlBasedViewResolver">
	    <property name="viewClass" value="org.springframework.web.servlet.view.JstlView"/>
        <property name="prefix" value="/WEB-INF/views/"/>
        <property name="suffix" value=".jsp"/>
    </bean>
	
	<!-- Configure the multipart resolver -->
    <bean id="multipartResolver" class="org.springframework.web.multipart.commons.CommonsMultipartResolver">
        <property name="maxUploadSize" value="2000000000"/>
		<property name="defaultEncoding" value="UTF-8" />
    </bean>
	
	<task:scheduler id="myScheduler"/>
	<task:annotation-driven scheduler="myScheduler"/>
	
</beans>